Build started 7/9/2016 11:26:30 PM.
     1>Project "c:\Users\david pc\Documents\Visual Studio 2010\Projects\CutsceneAnimator\CutsceneAnimator\CutsceneAnimator.vcxproj" on node 2 (build target(s)).
     1>InitializeBuildStatus:
         Creating "Release\CutsceneAnimator.unsuccessfulbuild" because "AlwaysCreate" was specified.
       ClCompile:
         C:\Program Files (x86)\Microsoft Visual Studio 10.0\VC\bin\CL.exe /c /I"C:\Users\david pc\Libraries\SFML-2.3.2\include" /Zi /nologo /W3 /WX- /O2 /Oi /Oy- /GL /D SFML_STATIC /D _MBCS /Gm- /EHsc /MD /GS /Gy /fp:precise /Zc:wchar_t /Zc:forScope /Fo"Release\\" /Fd"Release\vc100.pdb" /Gd /TP /analyze- /errorReport:prompt main.cpp
         main.cpp
     1>main.cpp(102): warning C4244: 'argument' : conversion from 'int' to 'float', possible loss of data
     1>main.cpp(102): warning C4244: 'argument' : conversion from 'int' to 'float', possible loss of data
     1>main.cpp(214): warning C4244: 'argument' : conversion from 'int' to 'float', possible loss of data
     1>main.cpp(214): warning C4244: 'argument' : conversion from 'int' to 'float', possible loss of data
     1>main.cpp(257): warning C4482: nonstandard extension used: enum 'sf::Event::EventType' used in qualified name
     1>main.cpp(259): warning C4482: nonstandard extension used: enum 'sf::Mouse::Button' used in qualified name
     1>main.cpp(262): warning C4244: 'argument' : conversion from 'float' to 'int', possible loss of data
     1>main.cpp(262): warning C4244: 'argument' : conversion from 'float' to 'int', possible loss of data
     1>main.cpp(280): warning C4482: nonstandard extension used: enum 'sf::Mouse::Button' used in qualified name
       Link:
         C:\Program Files (x86)\Microsoft Visual Studio 10.0\VC\bin\link.exe /ERRORREPORT:PROMPT /OUT:"c:\Users\david pc\Documents\Visual Studio 2010\Projects\CutsceneAnimator\Release\CutsceneAnimator.exe" /NOLOGO /LIBPATH:"C:\Users\david pc\Libraries\SFML-2.3.2\lib" "sfml-window-s.lib" "sfml-system-s.lib" "sfml-graphics-s.lib" opengl32.lib freetype.lib jpeg.lib winmm.lib gdi32.lib kernel32.lib user32.lib gdi32.lib winspool.lib comdlg32.lib advapi32.lib shell32.lib ole32.lib oleaut32.lib uuid.lib odbc32.lib odbccp32.lib /MANIFEST /ManifestFile:"Release\CutsceneAnimator.exe.intermediate.manifest" /MANIFESTUAC:"level='asInvoker' uiAccess='false'" /DEBUG /PDB:"c:\Users\david pc\Documents\Visual Studio 2010\Projects\CutsceneAnimator\Release\CutsceneAnimator.pdb" /OPT:REF /OPT:ICF /LTCG /TLBID:1 /DYNAMICBASE /NXCOMPAT /IMPLIB:"c:\Users\david pc\Documents\Visual Studio 2010\Projects\CutsceneAnimator\Release\CutsceneAnimator.lib" /MACHINE:X86 Release\GUI.obj
         Release\main.obj
         Release\Tileset.obj
         Generating code
         Finished generating code
         CutsceneAnimator.vcxproj -> c:\Users\david pc\Documents\Visual Studio 2010\Projects\CutsceneAnimator\Release\CutsceneAnimator.exe
       Manifest:
         C:\Program Files (x86)\Microsoft SDKs\Windows\v7.0A\bin\mt.exe /nologo /verbose /outputresource:"c:\Users\david pc\Documents\Visual Studio 2010\Projects\CutsceneAnimator\Release\CutsceneAnimator.exe;#1" /manifest Release\CutsceneAnimator.exe.intermediate.manifest
       FinalizeBuildStatus:
         Deleting file "Release\CutsceneAnimator.unsuccessfulbuild".
         Touching "Release\CutsceneAnimator.lastbuildstate".
     1>Done Building Project "c:\Users\david pc\Documents\Visual Studio 2010\Projects\CutsceneAnimator\CutsceneAnimator\CutsceneAnimator.vcxproj" (build target(s)).

Build succeeded.

Time Elapsed 00:00:01.84
